<?xml version="1.0" encoding="UTF-8"?>
<testng-results ignored="0" total="1" passed="1" failed="0" skipped="0">
  <reporter-output>
  </reporter-output>
  <suite started-at="2020-12-15T11:09:35 IST" name="Default suite" finished-at="2020-12-15T11:10:07 IST" duration-ms="32559">
    <groups>
    </groups>
    <test started-at="2020-12-15T11:09:35 IST" name="Default test" finished-at="2020-12-15T11:10:07 IST" duration-ms="32559">
      <class name="org.nextshooos.ShopEverything">
        <test-method signature="method1()[pri:0, instance:org.nextshooos.ShopEverything@48aaecc3]" started-at="2020-12-15T11:09:35 IST" name="method1" finished-at="2020-12-15T11:10:07 IST" duration-ms="32506" status="PASS">
          <reporter-output>
          </reporter-output>
        </test-method> <!-- method1 -->
      </class> <!-- org.nextshooos.ShopEverything -->
    </test> <!-- Default test -->
  </suite> <!-- Default suite -->
</testng-results>
